{"C:\\Python\\Project\\Personal\\Web_development\\JavaScript Web\\Projects\\Pitzza\\pitzza\\src\\app.ts": {"path":"C:\\Python\\Project\\Personal\\Web_development\\JavaScript Web\\Projects\\Pitzza\\pitzza\\src\\app.ts","statementMap":{"0":{"start":{"line":1,"column":0},"end":{"line":1,"column":45}},"1":{"start":{"line":2,"column":0},"end":{"line":2,"column":39}},"2":{"start":{"line":3,"column":0},"end":{"line":3,"column":41}},"3":{"start":{"line":4,"column":0},"end":{"line":4,"column":39}},"4":{"start":{"line":5,"column":0},"end":{"line":5,"column":25}},"5":{"start":{"line":8,"column":25},"end":{"line":8,"column":34}},"6":{"start":{"line":9,"column":0},"end":{"line":9,"column":24}},"7":{"start":{"line":10,"column":0},"end":{"line":10,"column":20}},"8":{"start":{"line":11,"column":0},"end":{"line":11,"column":21}},"9":{"start":{"line":12,"column":0},"end":{"line":12,"column":20}},"10":{"start":{"line":14,"column":21},"end":{"line":14,"column":53}},"11":{"start":{"line":16,"column":0},"end":{"line":18,"column":3}},"12":{"start":{"line":17,"column":4},"end":{"line":17,"column":29}},"13":{"start":{"line":22,"column":0},"end":{"line":24,"column":3}},"14":{"start":{"line":23,"column":4},"end":{"line":23,"column":45}},"15":{"start":{"line":26,"column":0},"end":{"line":26,"column":19}}},"fnMap":{"0":{"name":"(anonymous_1)","decl":{"start":{"line":16,"column":13},"end":{"line":16,"column":14}},"loc":{"start":{"line":16,"column":26},"end":{"line":18,"column":1}}},"1":{"name":"(anonymous_2)","decl":{"start":{"line":22,"column":17},"end":{"line":22,"column":20}},"loc":{"start":{"line":22,"column":22},"end":{"line":24,"column":1}}}},"branchMap":{"0":{"loc":{"start":{"line":14,"column":21},"end":{"line":14,"column":53}},"type":"binary-expr","locations":[{"start":{"line":14,"column":21},"end":{"line":14,"column":45}},{"start":{"line":14,"column":49},"end":{"line":14,"column":53}}]}},"s":{"0":1,"1":1,"2":1,"3":1,"4":1,"5":1,"6":1,"7":1,"8":1,"9":1,"10":1,"11":1,"12":0,"13":1,"14":0,"15":1},"f":{"0":0,"1":0},"b":{"0":[1,1]}}
,"C:\\Python\\Project\\Personal\\Web_development\\JavaScript Web\\Projects\\Pitzza\\pitzza\\src\\controllers\\menu.ts": {"path":"C:\\Python\\Project\\Personal\\Web_development\\JavaScript Web\\Projects\\Pitzza\\pitzza\\src\\controllers\\menu.ts","statementMap":{"0":{"start":{"line":3,"column":0},"end":{"line":3,"column":34}},"1":{"start":{"line":5,"column":16},"end":{"line":9,"column":2}},"2":{"start":{"line":5,"column":54},"end":{"line":9,"column":2}},"3":{"start":{"line":6,"column":17},"end":{"line":6,"column":35}},"4":{"start":{"line":7,"column":4},"end":{"line":7,"column":22}},"5":{"start":{"line":8,"column":4},"end":{"line":8,"column":31}},"6":{"start":{"line":34,"column":8},"end":{"line":34,"column":15}},"7":{"start":{"line":11,"column":17},"end":{"line":14,"column":2}},"8":{"start":{"line":11,"column":55},"end":{"line":14,"column":2}},"9":{"start":{"line":12,"column":18},"end":{"line":12,"column":35}},"10":{"start":{"line":13,"column":4},"end":{"line":13,"column":20}},"11":{"start":{"line":34,"column":17},"end":{"line":34,"column":25}},"12":{"start":{"line":16,"column":16},"end":{"line":20,"column":null}},"13":{"start":{"line":16,"column":54},"end":{"line":20,"column":null}},"14":{"start":{"line":17,"column":17},"end":{"line":17,"column":51}},"15":{"start":{"line":18,"column":4},"end":{"line":18,"column":88}},"16":{"start":{"line":18,"column":15},"end":{"line":18,"column":88}},"17":{"start":{"line":19,"column":4},"end":{"line":19,"column":19}},"18":{"start":{"line":34,"column":27},"end":{"line":34,"column":34}},"19":{"start":{"line":22,"column":19},"end":{"line":26,"column":2}},"20":{"start":{"line":22,"column":57},"end":{"line":26,"column":2}},"21":{"start":{"line":23,"column":17},"end":{"line":23,"column":89}},"22":{"start":{"line":24,"column":4},"end":{"line":24,"column":88}},"23":{"start":{"line":24,"column":15},"end":{"line":24,"column":88}},"24":{"start":{"line":25,"column":4},"end":{"line":25,"column":19}},"25":{"start":{"line":34,"column":36},"end":{"line":34,"column":46}},"26":{"start":{"line":28,"column":19},"end":{"line":32,"column":2}},"27":{"start":{"line":28,"column":57},"end":{"line":32,"column":2}},"28":{"start":{"line":29,"column":17},"end":{"line":29,"column":66}},"29":{"start":{"line":30,"column":4},"end":{"line":30,"column":88}},"30":{"start":{"line":30,"column":15},"end":{"line":30,"column":88}},"31":{"start":{"line":31,"column":4},"end":{"line":31,"column":19}},"32":{"start":{"line":34,"column":48},"end":{"line":34,"column":58}}},"fnMap":{"0":{"name":"(anonymous_8)","decl":{"start":{"line":5,"column":16},"end":{"line":5,"column":23}},"loc":{"start":{"line":5,"column":54},"end":{"line":9,"column":2}}},"1":{"name":"(anonymous_9)","decl":{"start":{"line":5,"column":54},"end":{"line":5,"column":null}},"loc":{"start":{"line":5,"column":54},"end":{"line":9,"column":1}}},"2":{"name":"(anonymous_10)","decl":{"start":{"line":11,"column":17},"end":{"line":11,"column":24}},"loc":{"start":{"line":11,"column":55},"end":{"line":14,"column":2}}},"3":{"name":"(anonymous_11)","decl":{"start":{"line":11,"column":55},"end":{"line":11,"column":null}},"loc":{"start":{"line":11,"column":55},"end":{"line":14,"column":1}}},"4":{"name":"(anonymous_12)","decl":{"start":{"line":16,"column":16},"end":{"line":16,"column":23}},"loc":{"start":{"line":16,"column":54},"end":{"line":20,"column":null}}},"5":{"name":"(anonymous_13)","decl":{"start":{"line":16,"column":54},"end":{"line":16,"column":null}},"loc":{"start":{"line":16,"column":54},"end":{"line":20,"column":1}}},"6":{"name":"(anonymous_14)","decl":{"start":{"line":22,"column":19},"end":{"line":22,"column":26}},"loc":{"start":{"line":22,"column":57},"end":{"line":26,"column":2}}},"7":{"name":"(anonymous_15)","decl":{"start":{"line":22,"column":57},"end":{"line":22,"column":null}},"loc":{"start":{"line":22,"column":57},"end":{"line":26,"column":1}}},"8":{"name":"(anonymous_16)","decl":{"start":{"line":28,"column":19},"end":{"line":28,"column":26}},"loc":{"start":{"line":28,"column":57},"end":{"line":32,"column":2}}},"9":{"name":"(anonymous_17)","decl":{"start":{"line":28,"column":57},"end":{"line":28,"column":null}},"loc":{"start":{"line":28,"column":57},"end":{"line":32,"column":1}}}},"branchMap":{"0":{"loc":{"start":{"line":18,"column":4},"end":{"line":18,"column":88}},"type":"if","locations":[{"start":{"line":18,"column":4},"end":{"line":18,"column":88}}]},"1":{"loc":{"start":{"line":24,"column":4},"end":{"line":24,"column":88}},"type":"if","locations":[{"start":{"line":24,"column":4},"end":{"line":24,"column":88}}]},"2":{"loc":{"start":{"line":30,"column":4},"end":{"line":30,"column":88}},"type":"if","locations":[{"start":{"line":30,"column":4},"end":{"line":30,"column":88}}]}},"s":{"0":1,"1":1,"2":1,"3":1,"4":1,"5":0,"6":1,"7":1,"8":0,"9":0,"10":0,"11":1,"12":1,"13":0,"14":0,"15":0,"16":0,"17":0,"18":1,"19":1,"20":0,"21":0,"22":0,"23":0,"24":0,"25":1,"26":1,"27":0,"28":0,"29":0,"30":0,"31":0,"32":1},"f":{"0":1,"1":1,"2":0,"3":0,"4":0,"5":0,"6":0,"7":0,"8":0,"9":0},"b":{"0":[0],"1":[0],"2":[0]}}
,"C:\\Python\\Project\\Personal\\Web_development\\JavaScript Web\\Projects\\Pitzza\\pitzza\\src\\controllers\\order.ts": {"path":"C:\\Python\\Project\\Personal\\Web_development\\JavaScript Web\\Projects\\Pitzza\\pitzza\\src\\controllers\\order.ts","statementMap":{"0":{"start":{"line":3,"column":0},"end":{"line":3,"column":36}},"1":{"start":{"line":4,"column":0},"end":{"line":4,"column":34}},"2":{"start":{"line":5,"column":0},"end":{"line":5,"column":41}},"3":{"start":{"line":8,"column":17},"end":{"line":23,"column":2}},"4":{"start":{"line":8,"column":55},"end":{"line":23,"column":2}},"5":{"start":{"line":9,"column":4},"end":{"line":22,"column":null}},"6":{"start":{"line":10,"column":21},"end":{"line":10,"column":38}},"7":{"start":{"line":11,"column":21},"end":{"line":11,"column":57}},"8":{"start":{"line":12,"column":8},"end":{"line":14,"column":null}},"9":{"start":{"line":13,"column":12},"end":{"line":13,"column":46}},"10":{"start":{"line":15,"column":8},"end":{"line":15,"column":36}},"11":{"start":{"line":16,"column":25},"end":{"line":16,"column":70}},"12":{"start":{"line":17,"column":8},"end":{"line":17,"column":30}},"13":{"start":{"line":18,"column":29},"end":{"line":18,"column":91}},"14":{"start":{"line":19,"column":8},"end":{"line":19,"column":82}},"15":{"start":{"line":21,"column":8},"end":{"line":21,"column":32}},"16":{"start":{"line":65,"column":9},"end":{"line":65,"column":17}},"17":{"start":{"line":25,"column":18},"end":{"line":36,"column":2}},"18":{"start":{"line":25,"column":56},"end":{"line":36,"column":2}},"19":{"start":{"line":26,"column":4},"end":{"line":35,"column":null}},"20":{"start":{"line":27,"column":23},"end":{"line":27,"column":62}},"21":{"start":{"line":28,"column":8},"end":{"line":32,"column":null}},"22":{"start":{"line":29,"column":12},"end":{"line":29,"column":41}},"23":{"start":{"line":31,"column":8},"end":{"line":31,"column":37}},"24":{"start":{"line":34,"column":8},"end":{"line":34,"column":32}},"25":{"start":{"line":65,"column":19},"end":{"line":65,"column":28}},"26":{"start":{"line":38,"column":21},"end":{"line":50,"column":2}},"27":{"start":{"line":38,"column":59},"end":{"line":50,"column":2}},"28":{"start":{"line":39,"column":16},"end":{"line":39,"column":29}},"29":{"start":{"line":40,"column":4},"end":{"line":49,"column":null}},"30":{"start":{"line":41,"column":22},"end":{"line":41,"column":69}},"31":{"start":{"line":42,"column":8},"end":{"line":46,"column":null}},"32":{"start":{"line":43,"column":12},"end":{"line":43,"column":40}},"33":{"start":{"line":45,"column":8},"end":{"line":45,"column":36}},"34":{"start":{"line":48,"column":8},"end":{"line":48,"column":32}},"35":{"start":{"line":65,"column":30},"end":{"line":65,"column":42}},"36":{"start":{"line":52,"column":20},"end":{"line":53,"column":2}},"37":{"start":{"line":52,"column":58},"end":{"line":53,"column":2}},"38":{"start":{"line":65,"column":44},"end":{"line":65,"column":55}},"39":{"start":{"line":55,"column":20},"end":{"line":62,"column":2}},"40":{"start":{"line":55,"column":58},"end":{"line":62,"column":2}},"41":{"start":{"line":56,"column":4},"end":{"line":61,"column":7}},"42":{"start":{"line":57,"column":8},"end":{"line":59,"column":null}},"43":{"start":{"line":58,"column":12},"end":{"line":58,"column":26}},"44":{"start":{"line":60,"column":8},"end":{"line":60,"column":61}},"45":{"start":{"line":65,"column":57},"end":{"line":65,"column":68}}},"fnMap":{"0":{"name":"(anonymous_8)","decl":{"start":{"line":8,"column":17},"end":{"line":8,"column":24}},"loc":{"start":{"line":8,"column":55},"end":{"line":23,"column":2}}},"1":{"name":"(anonymous_9)","decl":{"start":{"line":8,"column":55},"end":{"line":8,"column":null}},"loc":{"start":{"line":8,"column":55},"end":{"line":23,"column":1}}},"2":{"name":"(anonymous_10)","decl":{"start":{"line":25,"column":18},"end":{"line":25,"column":25}},"loc":{"start":{"line":25,"column":56},"end":{"line":36,"column":2}}},"3":{"name":"(anonymous_11)","decl":{"start":{"line":25,"column":56},"end":{"line":25,"column":null}},"loc":{"start":{"line":25,"column":56},"end":{"line":36,"column":1}}},"4":{"name":"(anonymous_12)","decl":{"start":{"line":38,"column":21},"end":{"line":38,"column":28}},"loc":{"start":{"line":38,"column":59},"end":{"line":50,"column":2}}},"5":{"name":"(anonymous_13)","decl":{"start":{"line":38,"column":59},"end":{"line":38,"column":null}},"loc":{"start":{"line":38,"column":59},"end":{"line":50,"column":1}}},"6":{"name":"(anonymous_14)","decl":{"start":{"line":52,"column":20},"end":{"line":52,"column":27}},"loc":{"start":{"line":52,"column":58},"end":{"line":53,"column":2}}},"7":{"name":"(anonymous_15)","decl":{"start":{"line":52,"column":58},"end":{"line":52,"column":null}},"loc":{"start":{"line":52,"column":58},"end":{"line":53,"column":1}}},"8":{"name":"(anonymous_16)","decl":{"start":{"line":55,"column":20},"end":{"line":55,"column":27}},"loc":{"start":{"line":55,"column":58},"end":{"line":62,"column":2}}},"9":{"name":"(anonymous_17)","decl":{"start":{"line":55,"column":58},"end":{"line":55,"column":null}},"loc":{"start":{"line":55,"column":58},"end":{"line":62,"column":1}}},"10":{"name":"(anonymous_18)","decl":{"start":{"line":56,"column":41},"end":{"line":56,"column":42}},"loc":{"start":{"line":56,"column":54},"end":{"line":61,"column":5}}}},"branchMap":{"0":{"loc":{"start":{"line":12,"column":8},"end":{"line":14,"column":null}},"type":"if","locations":[{"start":{"line":12,"column":8},"end":{"line":14,"column":null}}]},"1":{"loc":{"start":{"line":28,"column":8},"end":{"line":32,"column":null}},"type":"if","locations":[{"start":{"line":28,"column":8},"end":{"line":32,"column":null}},{"start":{"line":30,"column":13},"end":{"line":32,"column":null}}]},"2":{"loc":{"start":{"line":42,"column":8},"end":{"line":46,"column":null}},"type":"if","locations":[{"start":{"line":42,"column":8},"end":{"line":46,"column":null}},{"start":{"line":44,"column":13},"end":{"line":46,"column":null}}]},"3":{"loc":{"start":{"line":57,"column":8},"end":{"line":59,"column":null}},"type":"if","locations":[{"start":{"line":57,"column":8},"end":{"line":59,"column":null}}]}},"s":{"0":1,"1":1,"2":1,"3":1,"4":0,"5":0,"6":0,"7":0,"8":0,"9":0,"10":0,"11":0,"12":0,"13":0,"14":0,"15":0,"16":1,"17":1,"18":0,"19":0,"20":0,"21":0,"22":0,"23":0,"24":0,"25":1,"26":1,"27":0,"28":0,"29":0,"30":0,"31":0,"32":0,"33":0,"34":0,"35":1,"36":1,"37":0,"38":1,"39":1,"40":0,"41":0,"42":0,"43":0,"44":0,"45":1},"f":{"0":0,"1":0,"2":0,"3":0,"4":0,"5":0,"6":0,"7":0,"8":0,"9":0,"10":0},"b":{"0":[0],"1":[0,0],"2":[0,0],"3":[0]}}
,"C:\\Python\\Project\\Personal\\Web_development\\JavaScript Web\\Projects\\Pitzza\\pitzza\\src\\controllers\\user.ts": {"path":"C:\\Python\\Project\\Personal\\Web_development\\JavaScript Web\\Projects\\Pitzza\\pitzza\\src\\controllers\\user.ts","statementMap":{"0":{"start":{"line":2,"column":0},"end":{"line":2,"column":35}},"1":{"start":{"line":20,"column":24},"end":{"line":31,"column":null}},"2":{"start":{"line":20,"column":62},"end":{"line":31,"column":null}},"3":{"start":{"line":21,"column":4},"end":{"line":30,"column":null}},"4":{"start":{"line":22,"column":21},"end":{"line":22,"column":39}},"5":{"start":{"line":24,"column":22},"end":{"line":24,"column":71}},"6":{"start":{"line":26,"column":8},"end":{"line":26,"column":26}},"7":{"start":{"line":27,"column":8},"end":{"line":27,"column":46}},"8":{"start":{"line":29,"column":8},"end":{"line":29,"column":36}},"9":{"start":{"line":20,"column":13},"end":{"line":20,"column":24}},"10":{"start":{"line":33,"column":21},"end":{"line":43,"column":null}},"11":{"start":{"line":33,"column":59},"end":{"line":43,"column":null}},"12":{"start":{"line":34,"column":4},"end":{"line":42,"column":null}},"13":{"start":{"line":35,"column":8},"end":{"line":35,"column":30}},"14":{"start":{"line":36,"column":21},"end":{"line":36,"column":84}},"15":{"start":{"line":37,"column":8},"end":{"line":37,"column":26}},"16":{"start":{"line":38,"column":22},"end":{"line":38,"column":71}},"17":{"start":{"line":39,"column":8},"end":{"line":39,"column":46}},"18":{"start":{"line":41,"column":8},"end":{"line":41,"column":34}},"19":{"start":{"line":33,"column":13},"end":{"line":33,"column":21}},"20":{"start":{"line":45,"column":22},"end":{"line":57,"column":null}},"21":{"start":{"line":45,"column":60},"end":{"line":57,"column":null}},"22":{"start":{"line":46,"column":4},"end":{"line":56,"column":null}},"23":{"start":{"line":47,"column":8},"end":{"line":47,"column":30}},"24":{"start":{"line":48,"column":8},"end":{"line":50,"column":11}},"25":{"start":{"line":49,"column":12},"end":{"line":49,"column":45}},"26":{"start":{"line":51,"column":8},"end":{"line":51,"column":30}},"27":{"start":{"line":52,"column":8},"end":{"line":52,"column":19}},"28":{"start":{"line":54,"column":8},"end":{"line":54,"column":25}},"29":{"start":{"line":55,"column":8},"end":{"line":55,"column":34}},"30":{"start":{"line":45,"column":13},"end":{"line":45,"column":22}},"31":{"start":{"line":59,"column":26},"end":{"line":77,"column":null}},"32":{"start":{"line":59,"column":64},"end":{"line":77,"column":null}},"33":{"start":{"line":60,"column":20},"end":{"line":60,"column":41}},"34":{"start":{"line":61,"column":25},"end":{"line":61,"column":53}},"35":{"start":{"line":62,"column":29},"end":{"line":64,"column":6}},"36":{"start":{"line":63,"column":8},"end":{"line":63,"column":null}},"37":{"start":{"line":65,"column":4},"end":{"line":67,"column":null}},"38":{"start":{"line":66,"column":8},"end":{"line":66,"column":64}},"39":{"start":{"line":68,"column":4},"end":{"line":76,"column":null}},"40":{"start":{"line":69,"column":8},"end":{"line":71,"column":null}},"41":{"start":{"line":70,"column":12},"end":{"line":70,"column":48}},"42":{"start":{"line":72,"column":8},"end":{"line":72,"column":30}},"43":{"start":{"line":73,"column":8},"end":{"line":73,"column":27}},"44":{"start":{"line":75,"column":8},"end":{"line":75,"column":34}},"45":{"start":{"line":59,"column":13},"end":{"line":59,"column":26}}},"fnMap":{"0":{"name":"(anonymous_8)","decl":{"start":{"line":20,"column":24},"end":{"line":20,"column":31}},"loc":{"start":{"line":20,"column":62},"end":{"line":31,"column":null}}},"1":{"name":"(anonymous_9)","decl":{"start":{"line":20,"column":62},"end":{"line":20,"column":null}},"loc":{"start":{"line":20,"column":62},"end":{"line":31,"column":1}}},"2":{"name":"(anonymous_10)","decl":{"start":{"line":33,"column":21},"end":{"line":33,"column":28}},"loc":{"start":{"line":33,"column":59},"end":{"line":43,"column":null}}},"3":{"name":"(anonymous_11)","decl":{"start":{"line":33,"column":59},"end":{"line":33,"column":null}},"loc":{"start":{"line":33,"column":59},"end":{"line":43,"column":1}}},"4":{"name":"(anonymous_12)","decl":{"start":{"line":45,"column":22},"end":{"line":45,"column":29}},"loc":{"start":{"line":45,"column":60},"end":{"line":57,"column":null}}},"5":{"name":"(anonymous_13)","decl":{"start":{"line":45,"column":60},"end":{"line":45,"column":null}},"loc":{"start":{"line":45,"column":60},"end":{"line":57,"column":1}}},"6":{"name":"(anonymous_14)","decl":{"start":{"line":48,"column":49},"end":{"line":48,"column":50}},"loc":{"start":{"line":48,"column":76},"end":{"line":50,"column":9}}},"7":{"name":"(anonymous_15)","decl":{"start":{"line":59,"column":26},"end":{"line":59,"column":33}},"loc":{"start":{"line":59,"column":64},"end":{"line":77,"column":null}}},"8":{"name":"(anonymous_16)","decl":{"start":{"line":59,"column":64},"end":{"line":59,"column":null}},"loc":{"start":{"line":59,"column":64},"end":{"line":77,"column":1}}},"9":{"name":"(anonymous_17)","decl":{"start":{"line":62,"column":43},"end":{"line":62,"column":44}},"loc":{"start":{"line":62,"column":53},"end":{"line":64,"column":5}}},"10":{"name":"(anonymous_18)","decl":{"start":{"line":69,"column":24},"end":{"line":69,"column":25}},"loc":{"start":{"line":69,"column":34},"end":{"line":71,"column":9}}}},"branchMap":{"0":{"loc":{"start":{"line":65,"column":4},"end":{"line":67,"column":null}},"type":"if","locations":[{"start":{"line":65,"column":4},"end":{"line":67,"column":null}}]}},"s":{"0":1,"1":1,"2":0,"3":0,"4":0,"5":0,"6":0,"7":0,"8":0,"9":1,"10":1,"11":0,"12":0,"13":0,"14":0,"15":0,"16":0,"17":0,"18":0,"19":1,"20":1,"21":0,"22":0,"23":0,"24":0,"25":0,"26":0,"27":0,"28":0,"29":0,"30":1,"31":1,"32":0,"33":0,"34":0,"35":0,"36":0,"37":0,"38":0,"39":0,"40":0,"41":0,"42":0,"43":0,"44":0,"45":1},"f":{"0":0,"1":0,"2":0,"3":0,"4":0,"5":0,"6":0,"7":0,"8":0,"9":0,"10":0},"b":{"0":[0]}}
,"C:\\Python\\Project\\Personal\\Web_development\\JavaScript Web\\Projects\\Pitzza\\pitzza\\src\\db\\mongoose.ts": {"path":"C:\\Python\\Project\\Personal\\Web_development\\JavaScript Web\\Projects\\Pitzza\\pitzza\\src\\db\\mongoose.ts","statementMap":{"0":{"start":{"line":1,"column":0},"end":{"line":1,"column":32}},"1":{"start":{"line":3,"column":0},"end":{"line":3,"column":60}}},"fnMap":{},"branchMap":{},"s":{"0":1,"1":1},"f":{},"b":{}}
,"C:\\Python\\Project\\Personal\\Web_development\\JavaScript Web\\Projects\\Pitzza\\pitzza\\src\\middleware\\auth.ts": {"path":"C:\\Python\\Project\\Personal\\Web_development\\JavaScript Web\\Projects\\Pitzza\\pitzza\\src\\middleware\\auth.ts","statementMap":{"0":{"start":{"line":1,"column":0},"end":{"line":1,"column":31}},"1":{"start":{"line":3,"column":0},"end":{"line":3,"column":34}},"2":{"start":{"line":9,"column":20},"end":{"line":31,"column":null}},"3":{"start":{"line":9,"column":77},"end":{"line":31,"column":null}},"4":{"start":{"line":11,"column":4},"end":{"line":30,"column":null}},"5":{"start":{"line":12,"column":53},"end":{"line":12,"column":102}},"6":{"start":{"line":14,"column":8},"end":{"line":26,"column":null}},"7":{"start":{"line":15,"column":28},"end":{"line":15,"column":73}},"8":{"start":{"line":17,"column":25},"end":{"line":17,"column":79}},"9":{"start":{"line":18,"column":12},"end":{"line":20,"column":null}},"10":{"start":{"line":19,"column":16},"end":{"line":19,"column":null}},"11":{"start":{"line":21,"column":12},"end":{"line":21,"column":null}},"12":{"start":{"line":22,"column":12},"end":{"line":22,"column":null}},"13":{"start":{"line":23,"column":12},"end":{"line":23,"column":null}},"14":{"start":{"line":25,"column":12},"end":{"line":25,"column":null}},"15":{"start":{"line":29,"column":8},"end":{"line":29,"column":null}},"16":{"start":{"line":9,"column":13},"end":{"line":9,"column":20}}},"fnMap":{"0":{"name":"(anonymous_8)","decl":{"start":{"line":9,"column":20},"end":{"line":9,"column":27}},"loc":{"start":{"line":9,"column":77},"end":{"line":31,"column":null}}},"1":{"name":"(anonymous_9)","decl":{"start":{"line":9,"column":77},"end":{"line":9,"column":null}},"loc":{"start":{"line":9,"column":77},"end":{"line":31,"column":1}}}},"branchMap":{"0":{"loc":{"start":{"line":12,"column":53},"end":{"line":12,"column":102}},"type":"cond-expr","locations":[{"start":{"line":12,"column":78},"end":{"line":12,"column":80}},{"start":{"line":12,"column":78},"end":{"line":12,"column":102}}]},"1":{"loc":{"start":{"line":12,"column":53},"end":{"line":12,"column":80}},"type":"binary-expr","locations":[{"start":{"line":12,"column":53},"end":{"line":12,"column":80}},{"start":{"line":12,"column":78},"end":{"line":12,"column":80}}]},"2":{"loc":{"start":{"line":14,"column":8},"end":{"line":26,"column":null}},"type":"if","locations":[{"start":{"line":14,"column":8},"end":{"line":26,"column":null}},{"start":{"line":24,"column":13},"end":{"line":26,"column":null}}]},"3":{"loc":{"start":{"line":18,"column":12},"end":{"line":20,"column":null}},"type":"if","locations":[{"start":{"line":18,"column":12},"end":{"line":20,"column":null}}]}},"s":{"0":1,"1":1,"2":1,"3":0,"4":0,"5":0,"6":0,"7":0,"8":0,"9":0,"10":0,"11":0,"12":0,"13":0,"14":0,"15":0,"16":1},"f":{"0":0,"1":0},"b":{"0":[0,0],"1":[0,0],"2":[0,0],"3":[0]}}
,"C:\\Python\\Project\\Personal\\Web_development\\JavaScript Web\\Projects\\Pitzza\\pitzza\\src\\models\\menu.ts": {"path":"C:\\Python\\Project\\Personal\\Web_development\\JavaScript Web\\Projects\\Pitzza\\pitzza\\src\\models\\menu.ts","statementMap":{"0":{"start":{"line":1,"column":0},"end":{"line":1,"column":39}},"1":{"start":{"line":12,"column":19},"end":{"line":26,"column":2}},"2":{"start":{"line":28,"column":13},"end":{"line":28,"column":38}},"3":{"start":{"line":30,"column":0},"end":{"line":30,"column":14}}},"fnMap":{},"branchMap":{},"s":{"0":1,"1":1,"2":1,"3":1},"f":{},"b":{}}
,"C:\\Python\\Project\\Personal\\Web_development\\JavaScript Web\\Projects\\Pitzza\\pitzza\\src\\models\\order.ts": {"path":"C:\\Python\\Project\\Personal\\Web_development\\JavaScript Web\\Projects\\Pitzza\\pitzza\\src\\models\\order.ts","statementMap":{"0":{"start":{"line":1,"column":0},"end":{"line":1,"column":39}},"1":{"start":{"line":13,"column":20},"end":{"line":43,"column":2}},"2":{"start":{"line":30,"column":12},"end":{"line":30,"column":46}},"3":{"start":{"line":45,"column":14},"end":{"line":45,"column":41}},"4":{"start":{"line":47,"column":0},"end":{"line":47,"column":15}}},"fnMap":{"0":{"name":"(anonymous_0)","decl":{"start":{"line":29,"column":17},"end":{"line":29,"column":null}},"loc":{"start":{"line":29,"column":17},"end":{"line":31,"column":9}}}},"branchMap":{},"s":{"0":1,"1":1,"2":0,"3":1,"4":1},"f":{"0":0},"b":{}}
,"C:\\Python\\Project\\Personal\\Web_development\\JavaScript Web\\Projects\\Pitzza\\pitzza\\src\\models\\user.ts": {"path":"C:\\Python\\Project\\Personal\\Web_development\\JavaScript Web\\Projects\\Pitzza\\pitzza\\src\\models\\user.ts","statementMap":{"0":{"start":{"line":1,"column":0},"end":{"line":1,"column":49}},"1":{"start":{"line":2,"column":0},"end":{"line":2,"column":34}},"2":{"start":{"line":3,"column":0},"end":{"line":3,"column":28}},"3":{"start":{"line":4,"column":0},"end":{"line":4,"column":31}},"4":{"start":{"line":6,"column":0},"end":{"line":6,"column":36}},"5":{"start":{"line":10,"column":19},"end":{"line":43,"column":22}},"6":{"start":{"line":17,"column":12},"end":{"line":19,"column":null}},"7":{"start":{"line":18,"column":16},"end":{"line":18,"column":null}},"8":{"start":{"line":46,"column":0},"end":{"line":50,"column":3}},"9":{"start":{"line":53,"column":0},"end":{"line":59,"column":null}},"10":{"start":{"line":54,"column":17},"end":{"line":54,"column":21}},"11":{"start":{"line":55,"column":23},"end":{"line":55,"column":38}},"12":{"start":{"line":58,"column":4},"end":{"line":58,"column":22}},"13":{"start":{"line":61,"column":0},"end":{"line":79,"column":null}},"14":{"start":{"line":62,"column":4},"end":{"line":78,"column":null}},"15":{"start":{"line":65,"column":21},"end":{"line":65,"column":33}},"16":{"start":{"line":69,"column":22},"end":{"line":69,"column":72}},"17":{"start":{"line":71,"column":8},"end":{"line":71,"column":50}},"18":{"start":{"line":73,"column":8},"end":{"line":73,"column":26}},"19":{"start":{"line":74,"column":8},"end":{"line":74,"column":21}},"20":{"start":{"line":76,"column":8},"end":{"line":76,"column":27}},"21":{"start":{"line":77,"column":8},"end":{"line":77,"column":21}},"22":{"start":{"line":81,"column":0},"end":{"line":91,"column":null}},"23":{"start":{"line":81,"column":81},"end":{"line":91,"column":null}},"24":{"start":{"line":82,"column":17},"end":{"line":82,"column":44}},"25":{"start":{"line":83,"column":4},"end":{"line":85,"column":null}},"26":{"start":{"line":84,"column":8},"end":{"line":84,"column":43}},"27":{"start":{"line":86,"column":20},"end":{"line":86,"column":75}},"28":{"start":{"line":87,"column":4},"end":{"line":89,"column":null}},"29":{"start":{"line":88,"column":8},"end":{"line":88,"column":43}},"30":{"start":{"line":90,"column":4},"end":{"line":90,"column":16}},"31":{"start":{"line":94,"column":0},"end":{"line":100,"column":3}},"32":{"start":{"line":95,"column":17},"end":{"line":95,"column":21}},"33":{"start":{"line":96,"column":4},"end":{"line":98,"column":null}},"34":{"start":{"line":97,"column":8},"end":{"line":97,"column":60}},"35":{"start":{"line":99,"column":4},"end":{"line":99,"column":11}},"36":{"start":{"line":103,"column":0},"end":{"line":107,"column":3}},"37":{"start":{"line":104,"column":17},"end":{"line":104,"column":21}},"38":{"start":{"line":105,"column":4},"end":{"line":105,"column":45}},"39":{"start":{"line":106,"column":4},"end":{"line":106,"column":11}},"40":{"start":{"line":110,"column":13},"end":{"line":110,"column":56}},"41":{"start":{"line":112,"column":0},"end":{"line":112,"column":14}}},"fnMap":{"0":{"name":"(anonymous_8)","decl":{"start":{"line":16,"column":8},"end":{"line":16,"column":16}},"loc":{"start":{"line":16,"column":30},"end":{"line":20,"column":9}}},"1":{"name":"(anonymous_9)","decl":{"start":{"line":53,"column":28},"end":{"line":53,"column":null}},"loc":{"start":{"line":53,"column":28},"end":{"line":59,"column":1}}},"2":{"name":"(anonymous_10)","decl":{"start":{"line":61,"column":39},"end":{"line":61,"column":54}},"loc":{"start":{"line":61,"column":73},"end":{"line":79,"column":null}}},"3":{"name":"(anonymous_12)","decl":{"start":{"line":81,"column":39},"end":{"line":81,"column":46}},"loc":{"start":{"line":81,"column":81},"end":{"line":91,"column":null}}},"4":{"name":"(anonymous_13)","decl":{"start":{"line":81,"column":81},"end":{"line":81,"column":null}},"loc":{"start":{"line":81,"column":81},"end":{"line":91,"column":1}}},"5":{"name":"hashPassword","decl":{"start":{"line":94,"column":45},"end":{"line":94,"column":57}},"loc":{"start":{"line":94,"column":62},"end":{"line":100,"column":2}}},"6":{"name":"deleteUserOrders","decl":{"start":{"line":103,"column":47},"end":{"line":103,"column":63}},"loc":{"start":{"line":103,"column":68},"end":{"line":107,"column":2}}}},"branchMap":{"0":{"loc":{"start":{"line":17,"column":12},"end":{"line":19,"column":null}},"type":"if","locations":[{"start":{"line":17,"column":12},"end":{"line":19,"column":null}}]},"1":{"loc":{"start":{"line":83,"column":4},"end":{"line":85,"column":null}},"type":"if","locations":[{"start":{"line":83,"column":4},"end":{"line":85,"column":null}}]},"2":{"loc":{"start":{"line":87,"column":4},"end":{"line":89,"column":null}},"type":"if","locations":[{"start":{"line":87,"column":4},"end":{"line":89,"column":null}}]},"3":{"loc":{"start":{"line":96,"column":4},"end":{"line":98,"column":null}},"type":"if","locations":[{"start":{"line":96,"column":4},"end":{"line":98,"column":null}}]}},"s":{"0":1,"1":1,"2":1,"3":1,"4":1,"5":1,"6":0,"7":0,"8":1,"9":1,"10":0,"11":0,"12":0,"13":1,"14":0,"15":0,"16":0,"17":0,"18":0,"19":0,"20":0,"21":0,"22":1,"23":0,"24":0,"25":0,"26":0,"27":0,"28":0,"29":0,"30":0,"31":1,"32":0,"33":0,"34":0,"35":0,"36":1,"37":0,"38":0,"39":0,"40":1,"41":1},"f":{"0":0,"1":0,"2":0,"3":0,"4":0,"5":0,"6":0},"b":{"0":[0],"1":[0],"2":[0],"3":[0]}}
,"C:\\Python\\Project\\Personal\\Web_development\\JavaScript Web\\Projects\\Pitzza\\pitzza\\src\\routes\\menu.ts": {"path":"C:\\Python\\Project\\Personal\\Web_development\\JavaScript Web\\Projects\\Pitzza\\pitzza\\src\\routes\\menu.ts","statementMap":{"0":{"start":{"line":1,"column":0},"end":{"line":1,"column":31}},"1":{"start":{"line":2,"column":0},"end":{"line":2,"column":86}},"2":{"start":{"line":4,"column":27},"end":{"line":4,"column":35}},"3":{"start":{"line":6,"column":0},"end":{"line":6,"column":41}},"4":{"start":{"line":7,"column":0},"end":{"line":7,"column":39}},"5":{"start":{"line":8,"column":0},"end":{"line":8,"column":41}},"6":{"start":{"line":9,"column":0},"end":{"line":9,"column":49}},"7":{"start":{"line":10,"column":0},"end":{"line":10,"column":50}},"8":{"start":{"line":12,"column":0},"end":{"line":12,"column":20}}},"fnMap":{},"branchMap":{},"s":{"0":1,"1":1,"2":1,"3":1,"4":1,"5":1,"6":1,"7":1,"8":1},"f":{},"b":{}}
,"C:\\Python\\Project\\Personal\\Web_development\\JavaScript Web\\Projects\\Pitzza\\pitzza\\src\\routes\\order.ts": {"path":"C:\\Python\\Project\\Personal\\Web_development\\JavaScript Web\\Projects\\Pitzza\\pitzza\\src\\routes\\order.ts","statementMap":{"0":{"start":{"line":1,"column":0},"end":{"line":1,"column":31}},"1":{"start":{"line":2,"column":0},"end":{"line":2,"column":97}},"2":{"start":{"line":3,"column":0},"end":{"line":3,"column":40}},"3":{"start":{"line":4,"column":28},"end":{"line":4,"column":36}},"4":{"start":{"line":6,"column":0},"end":{"line":6,"column":50}},"5":{"start":{"line":7,"column":0},"end":{"line":7,"column":48}},"6":{"start":{"line":8,"column":0},"end":{"line":8,"column":54}},"7":{"start":{"line":9,"column":0},"end":{"line":9,"column":58}},"8":{"start":{"line":10,"column":0},"end":{"line":10,"column":59}},"9":{"start":{"line":12,"column":0},"end":{"line":12,"column":21}}},"fnMap":{},"branchMap":{},"s":{"0":1,"1":1,"2":1,"3":1,"4":1,"5":1,"6":1,"7":1,"8":1,"9":1},"f":{},"b":{}}
,"C:\\Python\\Project\\Personal\\Web_development\\JavaScript Web\\Projects\\Pitzza\\pitzza\\src\\routes\\user.ts": {"path":"C:\\Python\\Project\\Personal\\Web_development\\JavaScript Web\\Projects\\Pitzza\\pitzza\\src\\routes\\user.ts","statementMap":{"0":{"start":{"line":1,"column":0},"end":{"line":1,"column":31}},"1":{"start":{"line":3,"column":0},"end":{"line":3,"column":74}},"2":{"start":{"line":4,"column":0},"end":{"line":4,"column":40}},"3":{"start":{"line":5,"column":27},"end":{"line":5,"column":35}},"4":{"start":{"line":7,"column":0},"end":{"line":7,"column":44}},"5":{"start":{"line":8,"column":0},"end":{"line":8,"column":33}},"6":{"start":{"line":9,"column":0},"end":{"line":9,"column":41}},"7":{"start":{"line":10,"column":0},"end":{"line":10,"column":51}},"8":{"start":{"line":13,"column":0},"end":{"line":13,"column":20}}},"fnMap":{},"branchMap":{},"s":{"0":1,"1":1,"2":1,"3":1,"4":1,"5":1,"6":1,"7":1,"8":1},"f":{},"b":{}}
,"C:\\Python\\Project\\Personal\\Web_development\\JavaScript Web\\Projects\\Pitzza\\pitzza\\src\\utils\\mail.ts": {"path":"C:\\Python\\Project\\Personal\\Web_development\\JavaScript Web\\Projects\\Pitzza\\pitzza\\src\\utils\\mail.ts","statementMap":{"0":{"start":{"line":1,"column":0},"end":{"line":1,"column":41}},"1":{"start":{"line":2,"column":0},"end":{"line":2,"column":33}},"2":{"start":{"line":3,"column":0},"end":{"line":3,"column":24}},"3":{"start":{"line":4,"column":0},"end":{"line":4,"column":60}},"4":{"start":{"line":6,"column":8},"end":{"line":6,"column":42}},"5":{"start":{"line":7,"column":0},"end":{"line":7,"column":15}},"6":{"start":{"line":8,"column":0},"end":{"line":8,"column":null}},"7":{"start":{"line":9,"column":0},"end":{"line":9,"column":32}},"8":{"start":{"line":12,"column":15},"end":{"line":12,"column":32}},"9":{"start":{"line":14,"column":24},"end":{"line":32,"column":null}},"10":{"start":{"line":14,"column":76},"end":{"line":32,"column":null}},"11":{"start":{"line":15,"column":4},"end":{"line":15,"column":58}},"12":{"start":{"line":16,"column":4},"end":{"line":16,"column":49}},"13":{"start":{"line":17,"column":4},"end":{"line":17,"column":56}},"14":{"start":{"line":18,"column":4},"end":{"line":18,"column":32}},"15":{"start":{"line":20,"column":4},"end":{"line":20,"column":18}},"16":{"start":{"line":21,"column":4},"end":{"line":31,"column":null}},"17":{"start":{"line":22,"column":24},"end":{"line":26,"column":35}},"18":{"start":{"line":27,"column":25},"end":{"line":27,"column":67}},"19":{"start":{"line":28,"column":8},"end":{"line":28,"column":30}},"20":{"start":{"line":30,"column":8},"end":{"line":30,"column":27}},"21":{"start":{"line":14,"column":13},"end":{"line":14,"column":24}}},"fnMap":{"0":{"name":"(anonymous_14)","decl":{"start":{"line":14,"column":24},"end":{"line":14,"column":31}},"loc":{"start":{"line":14,"column":76},"end":{"line":32,"column":null}}},"1":{"name":"(anonymous_15)","decl":{"start":{"line":14,"column":76},"end":{"line":14,"column":null}},"loc":{"start":{"line":14,"column":76},"end":{"line":32,"column":1}}}},"branchMap":{},"s":{"0":1,"1":1,"2":1,"3":1,"4":1,"5":1,"6":1,"7":1,"8":1,"9":1,"10":0,"11":0,"12":0,"13":0,"14":0,"15":0,"16":0,"17":0,"18":0,"19":0,"20":0,"21":1},"f":{"0":0,"1":0},"b":{}}
}
